android/app/build/intermediates/manifest_merge_blame_file/debug/manifest-merger-blame-debug-report.txt
1<?xml version="1.0" encoding="utf-8"?>
2<manifest xmlns:android="http://schemas.android.com/apk/res/android"
3    package="com.rehvup"
4    android:versionCode="1004"
5    android:versionName="1.0" >
6
7    <uses-sdk
8        android:minSdkVersion="21"
9        android:targetSdkVersion="30" />
10
11    <uses-permission android:name="android.permission.SYSTEM_ALERT_WINDOW" />
11-->src\debug\AndroidManifest.xml:5:5-77
11-->src\debug\AndroidManifest.xml:5:22-75
12    <uses-permission android:name="android.permission.INTERNET" />
12-->src\main\AndroidManifest.xml:4:5-67
12-->src\main\AndroidManifest.xml:4:22-64
13    <uses-permission android:name="android.permission.ACCESS_FINE_LOCATION" />
13-->src\main\AndroidManifest.xml:5:6-79
13-->src\main\AndroidManifest.xml:5:23-77
14    <uses-permission android:name="android.permission.CAMERA" />
14-->src\main\AndroidManifest.xml:6:5-65
14-->src\main\AndroidManifest.xml:6:22-62
15    <uses-permission android:name="android.permission.WRITE_EXTERNAL_STORAGE" />
15-->src\main\AndroidManifest.xml:7:5-80
15-->src\main\AndroidManifest.xml:7:22-78
16    <uses-permission android:name="android.permission.USE_FINGERPRINT" />
16-->src\main\AndroidManifest.xml:8:5-74
16-->src\main\AndroidManifest.xml:8:22-71
17    <uses-permission android:name="android.permission.VIBRATE" />
17-->src\main\AndroidManifest.xml:9:5-66
17-->src\main\AndroidManifest.xml:9:22-63
18    <uses-permission android:name="android.permission.RECEIVE_BOOT_COMPLETED" />
18-->src\main\AndroidManifest.xml:10:5-80
18-->src\main\AndroidManifest.xml:10:22-78
19    <uses-permission android:name="android.permission.ACCESS_WIFI_STATE" />
19-->[com.facebook.flipper:flipper:0.99.0] AndroidManifest.xml:16:5-76
19-->[com.facebook.flipper:flipper:0.99.0] AndroidManifest.xml:16:22-73
20    <uses-permission android:name="android.permission.ACCESS_NETWORK_STATE" />
20-->[:react-native-community_netinfo] AndroidManifest.xml:9:5-79
20-->[:react-native-community_netinfo] AndroidManifest.xml:9:22-76
21    <uses-permission android:name="android.permission.WAKE_LOCK" />
21-->[:react-native-firebase_analytics] AndroidManifest.xml:13:5-68
21-->[:react-native-firebase_analytics] AndroidManifest.xml:13:22-65
22    <uses-permission android:name="android.permission.USE_BIOMETRIC" />
22-->[:react-native-biometrics] AndroidManifest.xml:9:5-72
22-->[:react-native-biometrics] AndroidManifest.xml:9:22-69
23
24    <queries>
24-->[:react-native-image-crop-picker] AndroidManifest.xml:10:5-14:15
25        <intent>
25-->[:react-native-image-crop-picker] AndroidManifest.xml:11:9-13:18
26            <action android:name="android.media.action.IMAGE_CAPTURE" />
26-->[:react-native-image-crop-picker] AndroidManifest.xml:12:13-73
26-->[:react-native-image-crop-picker] AndroidManifest.xml:12:21-70
27        </intent>
28    </queries> <!-- Required by older versions of Google Play services to create IID tokens -->
29    <uses-permission android:name="com.google.android.c2dm.permission.RECEIVE" />
29-->[com.google.firebase:firebase-messaging:23.0.0] AndroidManifest.xml:25:5-82
29-->[com.google.firebase:firebase-messaging:23.0.0] AndroidManifest.xml:25:22-79
30    <uses-permission android:name="android.permission.FOREGROUND_SERVICE" />
30-->[androidx.work:work-runtime:2.7.1] AndroidManifest.xml:28:5-77
30-->[androidx.work:work-runtime:2.7.1] AndroidManifest.xml:28:22-74
31    <uses-permission android:name="com.google.android.finsky.permission.BIND_GET_INSTALL_REFERRER_SERVICE" /> <!-- Include required permissions for Advertising Id -->
31-->[com.google.android.gms:play-services-measurement:20.1.0] AndroidManifest.xml:26:5-110
31-->[com.google.android.gms:play-services-measurement:20.1.0] AndroidManifest.xml:26:22-107
32    <uses-permission android:name="com.google.android.gms.permission.AD_ID" />
32-->[com.google.android.gms:play-services-ads-identifier:18.0.0] AndroidManifest.xml:23:5-79
32-->[com.google.android.gms:play-services-ads-identifier:18.0.0] AndroidManifest.xml:23:22-76
33    <uses-permission android:name="android.permission.USE_FULL_SCREEN_INTENT" />
33-->[app.notifee:core:202108261754] AndroidManifest.xml:15:5-81
33-->[app.notifee:core:202108261754] AndroidManifest.xml:15:22-78
34    <uses-permission android:name="android.permission.SCHEDULE_EXACT_ALARM" />
34-->[app.notifee:core:202108261754] AndroidManifest.xml:16:5-79
34-->[app.notifee:core:202108261754] AndroidManifest.xml:16:22-76
35    <uses-permission
35-->[app.notifee:core:202108261754] AndroidManifest.xml:17:5-19:38
36        android:name="android.permission.BROADCAST_CLOSE_SYSTEM_DIALOGS"
36-->[app.notifee:core:202108261754] AndroidManifest.xml:18:9-73
37        android:maxSdkVersion="30" /> <!-- for android -->
37-->[app.notifee:core:202108261754] AndroidManifest.xml:19:9-35
38    <!-- <uses-permission android:name="com.android.launcher.permission.READ_SETTINGS"/> -->
39    <!-- <uses-permission android:name="com.android.launcher.permission.WRITE_SETTINGS"/> -->
40    <!-- <uses-permission android:name="com.android.launcher.permission.INSTALL_SHORTCUT" /> -->
41    <!-- <uses-permission android:name="com.android.launcher.permission.UNINSTALL_SHORTCUT" /> -->
42    <!-- for Samsung -->
43    <uses-permission android:name="com.sec.android.provider.badge.permission.READ" />
43-->[me.leolin:ShortcutBadger:1.1.22] AndroidManifest.xml:19:5-86
43-->[me.leolin:ShortcutBadger:1.1.22] AndroidManifest.xml:19:22-83
44    <uses-permission android:name="com.sec.android.provider.badge.permission.WRITE" /> <!-- for htc -->
44-->[me.leolin:ShortcutBadger:1.1.22] AndroidManifest.xml:20:5-87
44-->[me.leolin:ShortcutBadger:1.1.22] AndroidManifest.xml:20:22-84
45    <uses-permission android:name="com.htc.launcher.permission.READ_SETTINGS" />
45-->[me.leolin:ShortcutBadger:1.1.22] AndroidManifest.xml:23:5-81
45-->[me.leolin:ShortcutBadger:1.1.22] AndroidManifest.xml:23:22-78
46    <uses-permission android:name="com.htc.launcher.permission.UPDATE_SHORTCUT" /> <!-- for sony -->
46-->[me.leolin:ShortcutBadger:1.1.22] AndroidManifest.xml:24:5-83
46-->[me.leolin:ShortcutBadger:1.1.22] AndroidManifest.xml:24:22-80
47    <uses-permission android:name="com.sonyericsson.home.permission.BROADCAST_BADGE" />
47-->[me.leolin:ShortcutBadger:1.1.22] AndroidManifest.xml:27:5-88
47-->[me.leolin:ShortcutBadger:1.1.22] AndroidManifest.xml:27:22-85
48    <uses-permission android:name="com.sonymobile.home.permission.PROVIDER_INSERT_BADGE" /> <!-- for apex -->
48-->[me.leolin:ShortcutBadger:1.1.22] AndroidManifest.xml:28:5-92
48-->[me.leolin:ShortcutBadger:1.1.22] AndroidManifest.xml:28:22-89
49    <uses-permission android:name="com.anddoes.launcher.permission.UPDATE_COUNT" /> <!-- for solid -->
49-->[me.leolin:ShortcutBadger:1.1.22] AndroidManifest.xml:31:5-84
49-->[me.leolin:ShortcutBadger:1.1.22] AndroidManifest.xml:31:22-81
50    <uses-permission android:name="com.majeur.launcher.permission.UPDATE_BADGE" /> <!-- for huawei -->
50-->[me.leolin:ShortcutBadger:1.1.22] AndroidManifest.xml:34:5-83
50-->[me.leolin:ShortcutBadger:1.1.22] AndroidManifest.xml:34:22-80
51    <uses-permission android:name="com.huawei.android.launcher.permission.CHANGE_BADGE" />
51-->[me.leolin:ShortcutBadger:1.1.22] AndroidManifest.xml:37:5-91
51-->[me.leolin:ShortcutBadger:1.1.22] AndroidManifest.xml:37:22-88
52    <uses-permission android:name="com.huawei.android.launcher.permission.READ_SETTINGS" />
52-->[me.leolin:ShortcutBadger:1.1.22] AndroidManifest.xml:38:5-92
52-->[me.leolin:ShortcutBadger:1.1.22] AndroidManifest.xml:38:22-89
53    <uses-permission android:name="com.huawei.android.launcher.permission.WRITE_SETTINGS" /> <!-- for ZUK -->
53-->[me.leolin:ShortcutBadger:1.1.22] AndroidManifest.xml:39:5-93
53-->[me.leolin:ShortcutBadger:1.1.22] AndroidManifest.xml:39:22-90
54    <uses-permission android:name="android.permission.READ_APP_BADGE" /> <!-- for OPPO -->
54-->[me.leolin:ShortcutBadger:1.1.22] AndroidManifest.xml:42:5-73
54-->[me.leolin:ShortcutBadger:1.1.22] AndroidManifest.xml:42:22-70
55    <uses-permission android:name="com.oppo.launcher.permission.READ_SETTINGS" />
55-->[me.leolin:ShortcutBadger:1.1.22] AndroidManifest.xml:45:5-82
55-->[me.leolin:ShortcutBadger:1.1.22] AndroidManifest.xml:45:22-79
56    <uses-permission android:name="com.oppo.launcher.permission.WRITE_SETTINGS" /> <!-- for EvMe -->
56-->[me.leolin:ShortcutBadger:1.1.22] AndroidManifest.xml:46:5-83
56-->[me.leolin:ShortcutBadger:1.1.22] AndroidManifest.xml:46:22-80
57    <uses-permission android:name="me.everything.badger.permission.BADGE_COUNT_READ" />
57-->[me.leolin:ShortcutBadger:1.1.22] AndroidManifest.xml:49:5-88
57-->[me.leolin:ShortcutBadger:1.1.22] AndroidManifest.xml:49:22-85
58    <uses-permission android:name="me.everything.badger.permission.BADGE_COUNT_WRITE" />
58-->[me.leolin:ShortcutBadger:1.1.22] AndroidManifest.xml:50:5-89
58-->[me.leolin:ShortcutBadger:1.1.22] AndroidManifest.xml:50:22-86
59
60    <application
60-->src\main\AndroidManifest.xml:12:5-70:19
61        android:name="com.rehvup.MainApplication"
61-->src\main\AndroidManifest.xml:13:7-38
62        android:allowBackup="false"
62-->src\main\AndroidManifest.xml:17:7-34
63        android:appComponentFactory="androidx.core.app.CoreComponentFactory"
63-->[androidx.core:core:1.6.0] AndroidManifest.xml:24:18-86
64        android:debuggable="true"
65        android:icon="@mipmap/ic_launcher"
65-->src\main\AndroidManifest.xml:15:7-41
66        android:label="@string/app_name"
66-->src\main\AndroidManifest.xml:14:7-39
67        android:requestLegacyExternalStorage="true"
67-->src\main\AndroidManifest.xml:19:7-50
68        android:roundIcon="@mipmap/ic_launcher_round"
68-->src\main\AndroidManifest.xml:16:7-52
69        android:screenOrientation="portrait"
69-->src\main\AndroidManifest.xml:21:7-43
70        android:theme="@style/AppTheme"
70-->src\main\AndroidManifest.xml:18:7-38
71        android:usesCleartextTraffic="true" >
71-->src\main\AndroidManifest.xml:20:7-42
72        <activity android:name="com.facebook.react.devsupport.DevSettingsActivity" />
72-->src\main\AndroidManifest.xml:48:7-84
72-->src\main\AndroidManifest.xml:48:17-81
73        <activity
73-->src\main\AndroidManifest.xml:24:12-32:18
74            android:name="com.rehvup.SplashActivity"
74-->src\main\AndroidManifest.xml:25:8-38
75            android:label="@string/app_name"
75-->src\main\AndroidManifest.xml:27:8-40
76            android:theme="@style/SplashTheme" >
76-->src\main\AndroidManifest.xml:26:8-42
77            <intent-filter>
77-->src\main\AndroidManifest.xml:28:8-31:25
78                <action android:name="android.intent.action.MAIN" />
78-->src\main\AndroidManifest.xml:29:9-61
78-->src\main\AndroidManifest.xml:29:17-58
79
80                <category android:name="android.intent.category.LAUNCHER" />
80-->src\main\AndroidManifest.xml:30:9-69
80-->src\main\AndroidManifest.xml:30:19-66
81            </intent-filter>
82        </activity>
83        <activity
83-->src\main\AndroidManifest.xml:33:7-47:18
84            android:name="com.rehvup.MainActivity"
84-->src\main\AndroidManifest.xml:34:9-37
85            android:configChanges="keyboard|keyboardHidden|orientation|screenSize|uiMode"
85-->src\main\AndroidManifest.xml:36:9-86
86            android:exported="true"
86-->src\main\AndroidManifest.xml:39:11-34
87            android:label="@string/app_name"
87-->src\main\AndroidManifest.xml:35:9-41
88            android:launchMode="singleTask"
88-->src\main\AndroidManifest.xml:37:9-40
89            android:windowSoftInputMode="adjustResize" >
89-->src\main\AndroidManifest.xml:38:9-51
90            <intent-filter android:autoVerify="true" >
90-->src\main\AndroidManifest.xml:41:8-46:23
90-->src\main\AndroidManifest.xml:41:23-48
91                <action android:name="android.intent.action.VIEW" />
91-->src\main\AndroidManifest.xml:42:11-62
91-->src\main\AndroidManifest.xml:42:19-60
92
93                <category android:name="android.intent.category.DEFAULT" />
93-->src\main\AndroidManifest.xml:43:11-69
93-->src\main\AndroidManifest.xml:43:21-67
94                <category android:name="android.intent.category.BROWSABLE" />
94-->src\main\AndroidManifest.xml:44:11-71
94-->src\main\AndroidManifest.xml:44:21-69
95
96                <data
96-->src\main\AndroidManifest.xml:45:11-75
97                    android:host="rehvupap.page.link"
97-->src\main\AndroidManifest.xml:45:17-50
98                    android:scheme="https" />
98-->src\main\AndroidManifest.xml:45:51-73
99            </intent-filter>
100        </activity>
101
102        <receiver android:name="com.dieam.reactnativepushnotification.modules.RNPushNotificationActions" />
102-->src\main\AndroidManifest.xml:49:8-107
102-->src\main\AndroidManifest.xml:49:18-104
103        <receiver android:name="com.dieam.reactnativepushnotification.modules.RNPushNotificationPublisher" />
103-->src\main\AndroidManifest.xml:50:7-108
103-->src\main\AndroidManifest.xml:50:17-105
104        <receiver android:name="com.dieam.reactnativepushnotification.modules.RNPushNotificationBootEventReceiver" >
104-->src\main\AndroidManifest.xml:51:7-57:18
104-->src\main\AndroidManifest.xml:51:17-113
105            <intent-filter>
105-->src\main\AndroidManifest.xml:52:11-56:27
106                <action android:name="android.intent.action.BOOT_COMPLETED" />
106-->src\main\AndroidManifest.xml:53:15-77
106-->src\main\AndroidManifest.xml:53:23-74
107                <action android:name="android.intent.action.QUICKBOOT_POWERON" />
107-->src\main\AndroidManifest.xml:54:15-80
107-->src\main\AndroidManifest.xml:54:23-77
108                <action android:name="com.htc.intent.action.QUICKBOOT_POWERON" />
108-->src\main\AndroidManifest.xml:55:15-79
108-->src\main\AndroidManifest.xml:55:23-77
109            </intent-filter>
110        </receiver>
111
112        <service
112-->src\main\AndroidManifest.xml:59:7-65:17
113            android:name="com.dieam.reactnativepushnotification.modules.RNPushNotificationListenerService"
113-->src\main\AndroidManifest.xml:60:11-105
114            android:exported="false" >
114-->src\main\AndroidManifest.xml:61:11-35
115            <intent-filter>
115-->src\main\AndroidManifest.xml:62:11-64:27
116                <action android:name="com.google.firebase.MESSAGING_EVENT" />
116-->src\main\AndroidManifest.xml:63:15-76
116-->src\main\AndroidManifest.xml:63:23-73
117            </intent-filter>
118        </service>
119
120        <meta-data
120-->src\main\AndroidManifest.xml:66:7-67:41
121            android:name="com.dieam.reactnativepushnotification.notification_foreground"
121-->src\main\AndroidManifest.xml:66:19-95
122            android:value="true" />
122-->src\main\AndroidManifest.xml:67:19-39
123        <meta-data
123-->src\main\AndroidManifest.xml:68:7-69:60
124            android:name="com.dieam.reactnativepushnotification.notification_color"
124-->src\main\AndroidManifest.xml:68:19-90
125            android:resource="@android:color/white" />
125-->src\main\AndroidManifest.xml:69:19-58
126
127        <provider
127-->[:notifee_react-native] AndroidManifest.xml:12:9-16:40
128            android:name="io.invertase.notifee.NotifeeInitProvider"
128-->[:notifee_react-native] AndroidManifest.xml:13:13-68
129            android:authorities="com.rehvup.notifee-init-provider"
129-->[:notifee_react-native] AndroidManifest.xml:14:13-73
130            android:exported="false"
130-->[:notifee_react-native] AndroidManifest.xml:15:13-37
131            android:initOrder="-100" />
131-->[:notifee_react-native] AndroidManifest.xml:16:13-37
132
133        <meta-data
133-->[:react-native-firebase_analytics] AndroidManifest.xml:16:9-18:36
134            android:name="firebase_analytics_collection_enabled"
134-->[:react-native-firebase_analytics] AndroidManifest.xml:17:13-65
135            android:value="true" />
135-->[:react-native-firebase_analytics] AndroidManifest.xml:18:13-33
136        <meta-data
136-->[:react-native-firebase_analytics] AndroidManifest.xml:19:9-21:37
137            android:name="firebase_analytics_collection_deactivated"
137-->[:react-native-firebase_analytics] AndroidManifest.xml:20:13-69
138            android:value="false" />
138-->[:react-native-firebase_analytics] AndroidManifest.xml:21:13-34
139        <meta-data
139-->[:react-native-firebase_analytics] AndroidManifest.xml:22:9-24:36
140            android:name="google_analytics_adid_collection_enabled"
140-->[:react-native-firebase_analytics] AndroidManifest.xml:23:13-68
141            android:value="true" />
141-->[:react-native-firebase_analytics] AndroidManifest.xml:24:13-33
142        <meta-data
142-->[:react-native-firebase_analytics] AndroidManifest.xml:25:9-27:36
143            android:name="google_analytics_ssaid_collection_enabled"
143-->[:react-native-firebase_analytics] AndroidManifest.xml:26:13-69
144            android:value="true" />
144-->[:react-native-firebase_analytics] AndroidManifest.xml:27:13-33
145        <meta-data
145-->[:react-native-firebase_analytics] AndroidManifest.xml:28:9-30:36
146            android:name="google_analytics_default_allow_ad_personalization_signals"
146-->[:react-native-firebase_analytics] AndroidManifest.xml:29:13-85
147            android:value="true" />
147-->[:react-native-firebase_analytics] AndroidManifest.xml:30:13-33
148        <meta-data
148-->[:react-native-firebase_analytics] AndroidManifest.xml:31:9-33:36
149            android:name="google_analytics_automatic_screen_reporting_enabled"
149-->[:react-native-firebase_analytics] AndroidManifest.xml:32:13-79
150            android:value="true" /> <!-- Disable crashlytics by default so we can custom init with CrashlyticsNdk support -->
150-->[:react-native-firebase_analytics] AndroidManifest.xml:33:13-33
151        <meta-data
151-->[:react-native-firebase_crashlytics] AndroidManifest.xml:14:9-16:37
152            android:name="firebase_crashlytics_collection_enabled"
152-->[:react-native-firebase_crashlytics] AndroidManifest.xml:15:13-67
153            android:value="false" />
153-->[:react-native-firebase_crashlytics] AndroidManifest.xml:16:13-34
154
155        <provider
155-->[:react-native-firebase_crashlytics] AndroidManifest.xml:18:9-22:38
156            android:name="io.invertase.firebase.crashlytics.ReactNativeFirebaseCrashlyticsInitProvider"
156-->[:react-native-firebase_crashlytics] AndroidManifest.xml:19:13-104
157            android:authorities="com.rehvup.reactnativefirebasecrashlyticsinitprovider"
157-->[:react-native-firebase_crashlytics] AndroidManifest.xml:20:13-94
158            android:exported="false"
158-->[:react-native-firebase_crashlytics] AndroidManifest.xml:21:13-37
159            android:initOrder="98" />
159-->[:react-native-firebase_crashlytics] AndroidManifest.xml:22:13-35
160
161        <service android:name="io.invertase.firebase.messaging.ReactNativeFirebaseMessagingHeadlessService" />
161-->[:react-native-firebase_messaging] AndroidManifest.xml:16:9-111
161-->[:react-native-firebase_messaging] AndroidManifest.xml:16:18-108
162        <service
162-->[:react-native-firebase_messaging] AndroidManifest.xml:17:9-23:19
163            android:name="io.invertase.firebase.messaging.ReactNativeFirebaseMessagingService"
163-->[:react-native-firebase_messaging] AndroidManifest.xml:18:13-95
164            android:exported="false" >
164-->[:react-native-firebase_messaging] AndroidManifest.xml:19:13-37
165            <intent-filter>
165-->src\main\AndroidManifest.xml:62:11-64:27
166                <action android:name="com.google.firebase.MESSAGING_EVENT" />
166-->src\main\AndroidManifest.xml:63:15-76
166-->src\main\AndroidManifest.xml:63:23-73
167            </intent-filter>
168        </service>
169
170        <receiver
170-->[:react-native-firebase_messaging] AndroidManifest.xml:25:9-32:20
171            android:name="io.invertase.firebase.messaging.ReactNativeFirebaseMessagingReceiver"
171-->[:react-native-firebase_messaging] AndroidManifest.xml:26:13-96
172            android:exported="true"
172-->[:react-native-firebase_messaging] AndroidManifest.xml:27:13-36
173            android:permission="com.google.android.c2dm.permission.SEND" >
173-->[:react-native-firebase_messaging] AndroidManifest.xml:28:13-73
174            <intent-filter>
174-->[:react-native-firebase_messaging] AndroidManifest.xml:29:13-31:29
175                <action android:name="com.google.android.c2dm.intent.RECEIVE" />
175-->[:react-native-firebase_messaging] AndroidManifest.xml:30:17-81
175-->[:react-native-firebase_messaging] AndroidManifest.xml:30:25-78
176            </intent-filter>
177        </receiver>
178
179        <meta-data
179-->[:react-native-firebase_messaging] AndroidManifest.xml:34:9-36:36
180            android:name="firebase_messaging_auto_init_enabled"
180-->[:react-native-firebase_messaging] AndroidManifest.xml:35:13-64
181            android:value="true" />
181-->[:react-native-firebase_messaging] AndroidManifest.xml:36:13-33
182        <meta-data
182-->[:react-native-firebase_messaging] AndroidManifest.xml:37:9-39:32
183            android:name="com.google.firebase.messaging.default_notification_channel_id"
183-->[:react-native-firebase_messaging] AndroidManifest.xml:38:13-89
184            android:value="" />
184-->[:react-native-firebase_messaging] AndroidManifest.xml:39:13-29
185        <meta-data
185-->[:react-native-firebase_messaging] AndroidManifest.xml:40:9-42:47
186            android:name="com.google.firebase.messaging.default_notification_color"
186-->[:react-native-firebase_messaging] AndroidManifest.xml:41:13-84
187            android:resource="@color/white" />
187-->[:react-native-firebase_messaging] AndroidManifest.xml:42:13-44
188        <meta-data
188-->[:react-native-firebase_app] AndroidManifest.xml:12:9-14:36
189            android:name="app_data_collection_default_enabled"
189-->[:react-native-firebase_app] AndroidManifest.xml:13:13-63
190            android:value="true" />
190-->[:react-native-firebase_app] AndroidManifest.xml:14:13-33
191
192        <service
192-->[:react-native-firebase_app] AndroidManifest.xml:16:9-20:19
193            android:name="com.google.firebase.components.ComponentDiscoveryService"
193-->[:react-native-firebase_app] AndroidManifest.xml:16:18-89
194            android:directBootAware="true"
194-->[com.google.firebase:firebase-common:20.0.0] AndroidManifest.xml:35:13-43
195            android:exported="false" >
195-->[com.google.firebase:firebase-crashlytics-ndk:18.2.8] AndroidManifest.xml:34:13-37
196            <meta-data
196-->[:react-native-firebase_app] AndroidManifest.xml:17:13-19:85
197                android:name="com.google.firebase.components:io.invertase.firebase.app.ReactNativeFirebaseAppRegistrar"
197-->[:react-native-firebase_app] AndroidManifest.xml:18:17-120
198                android:value="com.google.firebase.components.ComponentRegistrar" />
198-->[:react-native-firebase_app] AndroidManifest.xml:19:17-82
199            <meta-data
199-->[com.google.firebase:firebase-crashlytics-ndk:18.2.8] AndroidManifest.xml:35:13-37:85
200                android:name="com.google.firebase.components:com.google.firebase.crashlytics.ndk.CrashlyticsNdkRegistrar"
200-->[com.google.firebase:firebase-crashlytics-ndk:18.2.8] AndroidManifest.xml:36:17-122
201                android:value="com.google.firebase.components.ComponentRegistrar" />
201-->[com.google.firebase:firebase-crashlytics-ndk:18.2.8] AndroidManifest.xml:37:17-82
202            <meta-data
202-->[com.google.firebase:firebase-crashlytics:18.2.8] AndroidManifest.xml:18:13-20:85
203                android:name="com.google.firebase.components:com.google.firebase.crashlytics.CrashlyticsRegistrar"
203-->[com.google.firebase:firebase-crashlytics:18.2.8] AndroidManifest.xml:19:17-115
204                android:value="com.google.firebase.components.ComponentRegistrar" />
204-->[com.google.firebase:firebase-crashlytics:18.2.8] AndroidManifest.xml:20:17-82
205            <meta-data
205-->[com.google.firebase:firebase-messaging:23.0.0] AndroidManifest.xml:52:13-54:85
206                android:name="com.google.firebase.components:com.google.firebase.messaging.FirebaseMessagingRegistrar"
206-->[com.google.firebase:firebase-messaging:23.0.0] AndroidManifest.xml:53:17-119
207                android:value="com.google.firebase.components.ComponentRegistrar" />
207-->[com.google.firebase:firebase-messaging:23.0.0] AndroidManifest.xml:54:17-82
208            <meta-data
208-->[com.google.firebase:firebase-datatransport:18.0.0] AndroidManifest.xml:28:13-30:85
209                android:name="com.google.firebase.components:com.google.firebase.datatransport.TransportRegistrar"
209-->[com.google.firebase:firebase-datatransport:18.0.0] AndroidManifest.xml:29:17-115
210                android:value="com.google.firebase.components.ComponentRegistrar" />
210-->[com.google.firebase:firebase-datatransport:18.0.0] AndroidManifest.xml:30:17-82
211            <meta-data
211-->[com.google.firebase:firebase-dynamic-links:21.0.0] AndroidManifest.xml:27:13-29:85
212                android:name="com.google.firebase.components:com.google.firebase.dynamiclinks.internal.FirebaseDynamicLinkRegistrar"
212-->[com.google.firebase:firebase-dynamic-links:21.0.0] AndroidManifest.xml:28:17-133
213                android:value="com.google.firebase.components.ComponentRegistrar" />
213-->[com.google.firebase:firebase-dynamic-links:21.0.0] AndroidManifest.xml:29:17-82
214            <meta-data
214-->[com.google.android.gms:play-services-measurement-api:20.1.0] AndroidManifest.xml:30:13-32:85
215                android:name="com.google.firebase.components:com.google.firebase.analytics.connector.internal.AnalyticsConnectorRegistrar"
215-->[com.google.android.gms:play-services-measurement-api:20.1.0] AndroidManifest.xml:31:17-139
216                android:value="com.google.firebase.components.ComponentRegistrar" />
216-->[com.google.android.gms:play-services-measurement-api:20.1.0] AndroidManifest.xml:32:17-82
217            <meta-data
217-->[com.google.firebase:firebase-installations:17.0.0] AndroidManifest.xml:18:13-20:85
218                android:name="com.google.firebase.components:com.google.firebase.installations.FirebaseInstallationsRegistrar"
218-->[com.google.firebase:firebase-installations:17.0.0] AndroidManifest.xml:19:17-127
219                android:value="com.google.firebase.components.ComponentRegistrar" />
219-->[com.google.firebase:firebase-installations:17.0.0] AndroidManifest.xml:20:17-82
220        </service>
221
222        <provider
222-->[:react-native-firebase_app] AndroidManifest.xml:22:9-26:38
223            android:name="io.invertase.firebase.app.ReactNativeFirebaseAppInitProvider"
223-->[:react-native-firebase_app] AndroidManifest.xml:23:13-88
224            android:authorities="com.rehvup.reactnativefirebaseappinitprovider"
224-->[:react-native-firebase_app] AndroidManifest.xml:24:13-86
225            android:exported="false"
225-->[:react-native-firebase_app] AndroidManifest.xml:25:13-37
226            android:initOrder="99" />
226-->[:react-native-firebase_app] AndroidManifest.xml:26:13-35
227        <provider
227-->[:react-native-image-crop-picker] AndroidManifest.xml:19:9-27:20
228            android:name="androidx.core.content.FileProvider"
228-->[:react-native-image-crop-picker] AndroidManifest.xml:20:13-62
229            android:authorities="com.rehvup.provider"
229-->[:react-native-image-crop-picker] AndroidManifest.xml:21:13-60
230            android:exported="false"
230-->[:react-native-image-crop-picker] AndroidManifest.xml:22:13-37
231            android:grantUriPermissions="true" >
231-->[:react-native-image-crop-picker] AndroidManifest.xml:23:13-47
232            <meta-data
232-->[:react-native-image-crop-picker] AndroidManifest.xml:24:13-26:58
233                android:name="android.support.FILE_PROVIDER_PATHS"
233-->[:react-native-image-crop-picker] AndroidManifest.xml:25:17-67
234                android:resource="@xml/provider_paths" />
234-->[:react-native-image-crop-picker] AndroidManifest.xml:26:17-55
235        </provider>
236
237        <activity
237-->[:react-native-image-crop-picker] AndroidManifest.xml:29:9-31:72
238            android:name="com.yalantis.ucrop.UCropActivity"
238-->[:react-native-image-crop-picker] AndroidManifest.xml:30:13-60
239            android:theme="@style/Theme.AppCompat.Light.NoActionBar" />
239-->[:react-native-image-crop-picker] AndroidManifest.xml:31:13-69
240
241        <provider
241-->[:react-native-image-picker] AndroidManifest.xml:12:9-20:20
242            android:name="com.imagepicker.ImagePickerProvider"
242-->[:react-native-image-picker] AndroidManifest.xml:13:13-63
243            android:authorities="com.rehvup.imagepickerprovider"
243-->[:react-native-image-picker] AndroidManifest.xml:14:13-71
244            android:exported="false"
244-->[:react-native-image-picker] AndroidManifest.xml:15:13-37
245            android:grantUriPermissions="true" >
245-->[:react-native-image-picker] AndroidManifest.xml:16:13-47
246            <meta-data
246-->[:react-native-image-crop-picker] AndroidManifest.xml:24:13-26:58
247                android:name="android.support.FILE_PROVIDER_PATHS"
247-->[:react-native-image-crop-picker] AndroidManifest.xml:25:17-67
248                android:resource="@xml/imagepicker_provider_paths" />
248-->[:react-native-image-crop-picker] AndroidManifest.xml:26:17-55
249        </provider>
250        <provider
250-->[:react-native-share] AndroidManifest.xml:10:9-18:20
251            android:name="cl.json.RNShareFileProvider"
251-->[:react-native-share] AndroidManifest.xml:11:13-55
252            android:authorities="com.rehvup.rnshare.fileprovider"
252-->[:react-native-share] AndroidManifest.xml:12:13-72
253            android:exported="false"
253-->[:react-native-share] AndroidManifest.xml:13:13-37
254            android:grantUriPermissions="true" >
254-->[:react-native-share] AndroidManifest.xml:14:13-47
255            <meta-data